<?xml version="1.0" encoding="UTF-8"?>
<!-- Generated by org.testng.reporters.JUnitReportReporter -->
<testsuite skipped="0" hostname="NIBC3032" name="TestCase.IntegrationTestcase" tests="3" failures="0" timestamp="2020-07-21T21:15:45 IST" time="4.782" errors="0">
  <testcase name="addpettest" time="2.468" classname="TestCase.IntegrationTestcase"/>
  <system-out/>
  <testcase name="getPetTest" time="1.182" classname="TestCase.IntegrationTestcase"/>
  <system-out/>
  <testcase name="deletePetTest" time="1.132" classname="TestCase.IntegrationTestcase"/>
  <system-out/>
</testsuite> <!-- TestCase.IntegrationTestcase -->
