<?xml version="1.0" encoding="UTF-8"?>
<!-- Generated by org.testng.reporters.JUnitReportReporter -->
<testsuite skipped="0" hostname="NIBC3032" name="TestCase.AddPetTest" tests="4" failures="0" timestamp="2020-07-21T21:18:26 IST" time="5.078" errors="0">
  <testcase name="addpettest" time="1.180" classname="TestCase.AddPetTest"/>
  <system-out/>
  <testcase name="addpettest" time="1.211" classname="TestCase.AddPetTest"/>
  <system-out/>
  <testcase name="addpettest" time="1.202" classname="TestCase.AddPetTest"/>
  <system-out/>
  <testcase name="addpettest" time="1.485" classname="TestCase.AddPetTest"/>
  <system-out/>
</testsuite> <!-- TestCase.AddPetTest -->
