<?xml version="1.0" encoding="UTF-8"?>
<!-- Generated by org.testng.reporters.JUnitReportReporter -->
<testsuite skipped="0" hostname="NIBC3032" name="TestCase.DeletePetTest" tests="7" failures="0" timestamp="2020-07-21T21:00:03 IST" time="9.046" errors="0">
  <testcase name="deletePetTest" time="1.133" classname="TestCase.DeletePetTest"/>
  <system-out/>
  <testcase name="deletePetTest" time="2.153" classname="TestCase.DeletePetTest"/>
  <system-out/>
  <testcase name="deletePetTest" time="1.134" classname="TestCase.DeletePetTest"/>
  <system-out/>
  <testcase name="deletePetTest" time="1.128" classname="TestCase.DeletePetTest"/>
  <system-out/>
  <testcase name="deletePetTest" time="1.170" classname="TestCase.DeletePetTest"/>
  <system-out/>
  <testcase name="deletePetTest" time="1.152" classname="TestCase.DeletePetTest"/>
  <system-out/>
  <testcase name="deletePetTest" time="1.176" classname="TestCase.DeletePetTest"/>
  <system-out/>
</testsuite> <!-- TestCase.DeletePetTest -->
