<?xml version="1.0" encoding="UTF-8"?>
<!-- Generated by org.testng.reporters.JUnitReportReporter -->
<testsuite skipped="0" hostname="NIBC3032" name="TestCase.GetPetTest" tests="3" failures="0" timestamp="2020-07-21T21:18:26 IST" time="4.723" errors="0">
  <testcase name="getPetTest" time="1.109" classname="TestCase.GetPetTest"/>
  <system-out/>
  <testcase name="getPetTest" time="1.211" classname="TestCase.GetPetTest"/>
  <system-out/>
  <testcase name="getPetTest" time="2.403" classname="TestCase.GetPetTest"/>
  <system-out/>
</testsuite> <!-- TestCase.GetPetTest -->
