<?xml version="1.0" encoding="UTF-8"?>
<!-- Generated by org.testng.reporters.JUnitReportReporter -->
<testsuite skipped="0" hostname="DESKTOP-LE7ED03" name="TestdataUtil.TestMethod" tests="3" failures="0" timestamp="2020-07-12T20:50:28 IST" time="0.011" errors="0">
  <testcase name="test" time="0.001" classname="TestdataUtil.TestMethod"/>
  <system-out/>
  <testcase name="test" time="0.002" classname="TestdataUtil.TestMethod"/>
  <system-out/>
  <testcase name="test" time="0.008" classname="TestdataUtil.TestMethod"/>
  <system-out/>
</testsuite> <!-- TestdataUtil.TestMethod -->
