<?xml version="1.0" encoding="UTF-8"?>
<!-- Generated by org.testng.reporters.JUnitReportReporter -->
<testsuite skipped="0" hostname="NIBC3032" name="TestCase.GetPetTest" tests="3" failures="0" timestamp="2020-07-14T19:19:55 IST" time="3.584" errors="0">
  <testcase name="getPetTest" time="1.177" classname="TestCase.GetPetTest"/>
  <system-out/>
  <testcase name="getPetTest" time="1.198" classname="TestCase.GetPetTest"/>
  <system-out/>
  <testcase name="getPetTest" time="1.209" classname="TestCase.GetPetTest"/>
  <system-out/>
</testsuite> <!-- TestCase.GetPetTest -->
