<?xml version="1.0" encoding="UTF-8"?>
<!-- Generated by org.testng.reporters.JUnitReportReporter -->
<testsuite skipped="0" hostname="NIBC3032" name="TestCase.DeletePetTest" tests="3" failures="0" timestamp="2020-07-14T21:13:08 IST" time="3.530" errors="0">
  <testcase name="deletePetTest" time="1.177" classname="TestCase.DeletePetTest"/>
  <system-out/>
  <testcase name="deletePetTest" time="1.167" classname="TestCase.DeletePetTest"/>
  <system-out/>
  <testcase name="deletePetTest" time="1.186" classname="TestCase.DeletePetTest"/>
  <system-out/>
</testsuite> <!-- TestCase.DeletePetTest -->
