<?xml version="1.0" encoding="UTF-8"?>
<!-- Generated by org.testng.reporters.JUnitReportReporter -->
<testsuite skipped="0" hostname="NIBC3032" name="TestCase.GetPetTest" tests="3" failures="0" timestamp="2020-07-14T21:13:08 IST" time="3.544" errors="0">
  <testcase name="getPetTest" time="1.216" classname="TestCase.GetPetTest"/>
  <system-out/>
  <testcase name="getPetTest" time="1.173" classname="TestCase.GetPetTest"/>
  <system-out/>
  <testcase name="getPetTest" time="1.155" classname="TestCase.GetPetTest"/>
  <system-out/>
</testsuite> <!-- TestCase.GetPetTest -->
