<?xml version="1.0" encoding="UTF-8"?>
<!-- Generated by org.testng.reporters.JUnitReportReporter -->
<testsuite skipped="0" hostname="DESKTOP-LE7ED03" name="TestCase.SampleTest" tests="3" failures="0" timestamp="2020-07-13T12:04:27 IST" time="6.914" errors="0">
  <testcase name="addpettest" time="1.269" classname="TestCase.SampleTest"/>
  <system-out/>
  <testcase name="addpettest" time="1.518" classname="TestCase.SampleTest"/>
  <system-out/>
  <testcase name="addpettest" time="4.127" classname="TestCase.SampleTest"/>
  <system-out/>
</testsuite> <!-- TestCase.SampleTest -->
