<?xml version="1.0" encoding="UTF-8"?>
<!-- Generated by org.testng.reporters.JUnitReportReporter -->
<testsuite skipped="0" hostname="NIBC3032" name="TestCase.DeletePetTest" tests="3" failures="0" timestamp="2020-07-14T19:19:55 IST" time="3.494" errors="0">
  <testcase name="deletePetTest" time="1.138" classname="TestCase.DeletePetTest"/>
  <system-out/>
  <testcase name="deletePetTest" time="1.182" classname="TestCase.DeletePetTest"/>
  <system-out/>
  <testcase name="deletePetTest" time="1.174" classname="TestCase.DeletePetTest"/>
  <system-out/>
</testsuite> <!-- TestCase.DeletePetTest -->
