<?xml version="1.0" encoding="UTF-8"?>
<!-- Generated by org.testng.reporters.JUnitReportReporter -->
<testsuite skipped="0" hostname="NIBC3032" name="TestCase.AddPetTest" tests="3" failures="0" timestamp="2020-07-14T19:19:55 IST" time="4.984" errors="0">
  <testcase name="addpettest" time="2.641" classname="TestCase.AddPetTest"/>
  <system-out/>
  <testcase name="addpettest" time="1.172" classname="TestCase.AddPetTest"/>
  <system-out/>
  <testcase name="addpettest" time="1.171" classname="TestCase.AddPetTest"/>
  <system-out/>
</testsuite> <!-- TestCase.AddPetTest -->
