<?xml version="1.0" encoding="UTF-8"?>
<!-- Generated by org.testng.reporters.JUnitReportReporter -->
<testsuite skipped="0" hostname="NIBC3032" name="TestCase.AddPetTest" tests="3" failures="0" timestamp="2020-07-14T21:13:08 IST" time="5.197" errors="0">
  <testcase name="addpettest" time="2.741" classname="TestCase.AddPetTest"/>
  <system-out/>
  <testcase name="addpettest" time="1.212" classname="TestCase.AddPetTest"/>
  <system-out/>
  <testcase name="addpettest" time="1.244" classname="TestCase.AddPetTest"/>
  <system-out/>
</testsuite> <!-- TestCase.AddPetTest -->
