<?xml version="1.0" encoding="UTF-8"?>
<!-- Generated by org.testng.reporters.JUnitReportReporter -->
<testsuite skipped="0" hostname="DESKTOP-LE7ED03" name="TestCase.basics" tests="1" failures="0" timestamp="2020-07-08T01:57:39 IST" time="4.776" errors="0">
  <testcase name="firsttest" time="4.776" classname="TestCase.basics"/>
  <system-out/>
</testsuite> <!-- TestCase.basics -->
