<?xml version="1.0" encoding="UTF-8"?>
<!-- Generated by org.testng.reporters.JUnitReportReporter -->
<testsuite skipped="0" hostname="DESKTOP-LE7ED03" name="TestCase.basic2" tests="1" failures="0" timestamp="2020-07-09T22:16:47 IST" time="7.601" errors="0">
  <testcase name="addpettest" time="7.601" classname="TestCase.basic2"/>
  <system-out/>
</testsuite> <!-- TestCase.basic2 -->
